d:\source\repos\animate\debug\animate.bsc
d:\source\repos\animate\animate\debug\vc143.pdb
d:\source\repos\animate\animate\debug\vc143.idb
d:\source\repos\animate\animate\debug\animate.sbr
d:\source\repos\animate\animate\debug\animate.obj
d:\source\repos\animate\debug\animate.exe
d:\source\repos\animate\debug\animate.pdb
d:\source\repos\animate\animate\debug\animate.res
d:\source\repos\animate\animate\debug\animate.ilk
d:\source\repos\animate\animate\debug\animate.tlog\bscmake.command.1.tlog
d:\source\repos\animate\animate\debug\animate.tlog\bscmake.read.1.tlog
d:\source\repos\animate\animate\debug\animate.tlog\bscmake.write.1.tlog
d:\source\repos\animate\animate\debug\animate.tlog\cl.command.1.tlog
d:\source\repos\animate\animate\debug\animate.tlog\cl.items.tlog
d:\source\repos\animate\animate\debug\animate.tlog\cl.read.1.tlog
d:\source\repos\animate\animate\debug\animate.tlog\cl.write.1.tlog
d:\source\repos\animate\animate\debug\animate.tlog\link.command.1.tlog
d:\source\repos\animate\animate\debug\animate.tlog\link.read.1.tlog
d:\source\repos\animate\animate\debug\animate.tlog\link.secondary.1.tlog
d:\source\repos\animate\animate\debug\animate.tlog\link.write.1.tlog
d:\source\repos\animate\animate\debug\animate.tlog\rc.command.1.tlog
d:\source\repos\animate\animate\debug\animate.tlog\rc.read.1.tlog
d:\source\repos\animate\animate\debug\animate.tlog\rc.write.1.tlog
